<?xml version="1.0" encoding="utf-8"?><testsuites><testsuite name="pytest" errors="0" failures="0" skipped="2" tests="17" time="12.107" timestamp="2025-05-25T17:39:57.355083+00:00" hostname="0c13e0a57889"><testcase classname="tests.unit_tests.test_dataprocessor" name="test_data_ingestion" time="4.764" /><testcase classname="tests.unit_tests.test_dataprocessor" name="test_dataprocessor_init" time="0.015" /><testcase classname="tests.unit_tests.test_dataprocessor" name="test_column_transformations" time="0.076" /><testcase classname="tests.unit_tests.test_dataprocessor" name="test_missing_value_handling" time="0.030" /><testcase classname="tests.unit_tests.test_dataprocessor" name="test_column_selection" time="0.032" /><testcase classname="tests.unit_tests.test_dataprocessor" name="test_split_data_default_params" time="0.100" /><testcase classname="tests.unit_tests.test_dataprocessor" name="test_preprocess_empty_dataframe" time="0.005" /><testcase classname="tests.unit_tests.test_dataprocessor" name="test_save_to_catalog_succesfull" time="0.003"><skipped type="pytest.skip" message="depends on delta tables on Databricks">/workspaces/marvelous-databricks-course-kbajdzienko/tests/unit_tests/test_dataprocessor.py:138: depends on delta tables on Databricks</skipped></testcase><testcase classname="tests.unit_tests.test_dataprocessor" name="test_delta_table_property_of_enableChangeDataFeed_check" time="0.001"><skipped type="pytest.skip" message="depends on delta tables on Databrics">/workspaces/marvelous-databricks-course-kbajdzienko/tests/unit_tests/test_dataprocessor.py:161: depends on delta tables on Databrics</skipped></testcase><testcase classname="tests.unit_tests.test_kaggledownloader" name="test_local_path_and_env" time="0.025" /><testcase classname="tests.unit_tests.test_kaggledownloader" name="test_init_missing_env" time="0.001" /><testcase classname="tests.unit_tests.test_kaggledownloader" name="test_databricks_path_not_exists" time="0.001" /><testcase classname="tests.unit_tests.test_kaggledownloader" name="test_rename_to_timestamped_format" time="0.017" /><testcase classname="tests.unit_tests.test_kaggledownloader" name="test_slice_random_fraction" time="0.017" /><testcase classname="tests.unit_tests.test_utils" name="test_get_project_root_returns_correct_path" time="0.001" /><testcase classname="tests.unit_tests.test_utils" name="test_is_databricks_true" time="0.001" /><testcase classname="tests.unit_tests.test_utils" name="test_is_databricks_false" time="0.202" /></testsuite></testsuites>
